<?xml version="1.0" encoding="UTF-8"?>
<testsuite name="dungeonmania.mvp.Task2.LogicEntityTest" tests="5" skipped="0" failures="0" errors="0" timestamp="2023-08-03T06:59:52" hostname="Alexs-MacBook-Pro-2.local" time="0.062">
  <properties/>
  <testcase name="test and functionality" classname="dungeonmania.mvp.Task2.LogicEntityTest" time="0.014"/>
  <testcase name="test xor functinality" classname="dungeonmania.mvp.Task2.LogicEntityTest" time="0.012"/>
  <testcase name="test co_and functionality" classname="dungeonmania.mvp.Task2.LogicEntityTest" time="0.01"/>
  <testcase name="test co_and functionality" classname="dungeonmania.mvp.Task2.LogicEntityTest" time="0.014"/>
  <testcase name="test or functionalitty" classname="dungeonmania.mvp.Task2.LogicEntityTest" time="0.01"/>
  <system-out><![CDATA[]]></system-out>
  <system-err><![CDATA[[Test worker] INFO org.reflections.Reflections - Reflections took 5 ms to scan 2 urls, producing 153 keys and 153 values
[Test worker] INFO org.reflections.Reflections - Reflections took 5 ms to scan 2 urls, producing 128 keys and 128 values
[Test worker] INFO org.reflections.Reflections - Reflections took 7 ms to scan 2 urls, producing 153 keys and 153 values
[Test worker] INFO org.reflections.Reflections - Reflections took 4 ms to scan 2 urls, producing 128 keys and 128 values
[Test worker] INFO org.reflections.Reflections - Reflections took 3 ms to scan 2 urls, producing 153 keys and 153 values
[Test worker] INFO org.reflections.Reflections - Reflections took 4 ms to scan 2 urls, producing 128 keys and 128 values
[Test worker] INFO org.reflections.Reflections - Reflections took 6 ms to scan 2 urls, producing 153 keys and 153 values
[Test worker] INFO org.reflections.Reflections - Reflections took 6 ms to scan 2 urls, producing 128 keys and 128 values
[Test worker] INFO org.reflections.Reflections - Reflections took 5 ms to scan 2 urls, producing 153 keys and 153 values
[Test worker] INFO org.reflections.Reflections - Reflections took 4 ms to scan 2 urls, producing 128 keys and 128 values
]]></system-err>
</testsuite>
