<?xml version="1.0" encoding="UTF-8"?>
<testsuite name="dungeonmania.mvp.Task2.LogicBombTest" tests="6" skipped="0" failures="0" errors="0" timestamp="2023-08-03T06:59:53" hostname="Alexs-MacBook-Pro-2.local" time="0.07">
  <properties/>
  <testcase name="test bomb activates for and" classname="dungeonmania.mvp.Task2.LogicBombTest" time="0.018"/>
  <testcase name="test bomb activattes for XOR" classname="dungeonmania.mvp.Task2.LogicBombTest" time="0.01"/>
  <testcase name="test bomb activates for CO_AND" classname="dungeonmania.mvp.Task2.LogicBombTest" time="0.01"/>
  <testcase name="test bomb fails for CO_AND" classname="dungeonmania.mvp.Task2.LogicBombTest" time="0.01"/>
  <testcase name="test bomb activates for or" classname="dungeonmania.mvp.Task2.LogicBombTest" time="0.011"/>
  <testcase name="test adjacent wire blows up a non logic bomb - wire functionality" classname="dungeonmania.mvp.Task2.LogicBombTest" time="0.011"/>
  <system-out><![CDATA[]]></system-out>
  <system-err><![CDATA[[Test worker] INFO org.reflections.Reflections - Reflections took 5 ms to scan 2 urls, producing 153 keys and 153 values
[Test worker] INFO org.reflections.Reflections - Reflections took 7 ms to scan 2 urls, producing 128 keys and 128 values
[Test worker] INFO org.reflections.Reflections - Reflections took 4 ms to scan 2 urls, producing 153 keys and 153 values
[Test worker] INFO org.reflections.Reflections - Reflections took 4 ms to scan 2 urls, producing 128 keys and 128 values
[Test worker] INFO org.reflections.Reflections - Reflections took 4 ms to scan 2 urls, producing 153 keys and 153 values
[Test worker] INFO org.reflections.Reflections - Reflections took 5 ms to scan 2 urls, producing 128 keys and 128 values
[Test worker] INFO org.reflections.Reflections - Reflections took 5 ms to scan 2 urls, producing 153 keys and 153 values
[Test worker] INFO org.reflections.Reflections - Reflections took 4 ms to scan 2 urls, producing 128 keys and 128 values
[Test worker] INFO org.reflections.Reflections - Reflections took 4 ms to scan 2 urls, producing 153 keys and 153 values
[Test worker] INFO org.reflections.Reflections - Reflections took 5 ms to scan 2 urls, producing 128 keys and 128 values
[Test worker] INFO org.reflections.Reflections - Reflections took 4 ms to scan 2 urls, producing 153 keys and 153 values
[Test worker] INFO org.reflections.Reflections - Reflections took 4 ms to scan 2 urls, producing 128 keys and 128 values
]]></system-err>
</testsuite>
