<?xml version="1.0" encoding="UTF-8"?>
<testsuite name="dungeonmania.mvp.DoorsKeysTest" tests="7" skipped="0" failures="0" errors="0" timestamp="2023-08-03T06:59:53" hostname="Alexs-MacBook-Pro-2.local" time="0.066">
  <properties/>
  <testcase name="Test player can pick up a key and add to inventory" classname="dungeonmania.mvp.DoorsKeysTest" time="0.008"/>
  <testcase name="Test player cannot pickup two keys at the same time" classname="dungeonmania.mvp.DoorsKeysTest" time="0.009"/>
  <testcase name="Test player can use a key to open and walk through a door" classname="dungeonmania.mvp.DoorsKeysTest" time="0.008"/>
  <testcase name="Test player cannot walk through a closed door" classname="dungeonmania.mvp.DoorsKeysTest" time="0.009"/>
  <testcase name="Test doors remain open and the player can move through the door without a key" classname="dungeonmania.mvp.DoorsKeysTest" time="0.011"/>
  <testcase name="Test player cannot open a door with the wrong key" classname="dungeonmania.mvp.DoorsKeysTest" time="0.01"/>
  <testcase name="Test player can pick up a second key after using the first" classname="dungeonmania.mvp.DoorsKeysTest" time="0.01"/>
  <system-out><![CDATA[]]></system-out>
  <system-err><![CDATA[[Test worker] INFO org.reflections.Reflections - Reflections took 3 ms to scan 2 urls, producing 153 keys and 153 values
[Test worker] INFO org.reflections.Reflections - Reflections took 5 ms to scan 2 urls, producing 128 keys and 128 values
[Test worker] INFO org.reflections.Reflections - Reflections took 4 ms to scan 2 urls, producing 153 keys and 153 values
[Test worker] INFO org.reflections.Reflections - Reflections took 3 ms to scan 2 urls, producing 128 keys and 128 values
[Test worker] INFO org.reflections.Reflections - Reflections took 3 ms to scan 2 urls, producing 153 keys and 153 values
[Test worker] INFO org.reflections.Reflections - Reflections took 3 ms to scan 2 urls, producing 128 keys and 128 values
[Test worker] INFO org.reflections.Reflections - Reflections took 3 ms to scan 2 urls, producing 153 keys and 153 values
[Test worker] INFO org.reflections.Reflections - Reflections took 5 ms to scan 2 urls, producing 128 keys and 128 values
[Test worker] INFO org.reflections.Reflections - Reflections took 5 ms to scan 2 urls, producing 153 keys and 153 values
[Test worker] INFO org.reflections.Reflections - Reflections took 5 ms to scan 2 urls, producing 128 keys and 128 values
[Test worker] INFO org.reflections.Reflections - Reflections took 4 ms to scan 2 urls, producing 153 keys and 153 values
[Test worker] INFO org.reflections.Reflections - Reflections took 4 ms to scan 2 urls, producing 128 keys and 128 values
[Test worker] INFO org.reflections.Reflections - Reflections took 4 ms to scan 2 urls, producing 153 keys and 153 values
[Test worker] INFO org.reflections.Reflections - Reflections took 4 ms to scan 2 urls, producing 128 keys and 128 values
]]></system-err>
</testsuite>
