<?xml version="1.0" encoding="UTF-8"?>
<testsuite name="dungeonmania.mvp.Task2.EnemyGoalTest" tests="5" skipped="0" failures="0" errors="0" timestamp="2023-08-03T06:59:52" hostname="Alexs-MacBook-Pro-2.local" time="0.059">
  <properties/>
  <testcase name="Test achieving a basic enemy goal by killing mercenary" classname="dungeonmania.mvp.Task2.EnemyGoalTest" time="0.013"/>
  <testcase name="Test achieving a basic enemy goal by killing one zombie" classname="dungeonmania.mvp.Task2.EnemyGoalTest" time="0.011"/>
  <testcase name="Test achieving a basic enemy goal by killing zombies more than target" classname="dungeonmania.mvp.Task2.EnemyGoalTest" time="0.011"/>
  <testcase name="Test achieving a basic enemy goal by killing multiple zombies" classname="dungeonmania.mvp.Task2.EnemyGoalTest" time="0.013"/>
  <testcase name="Test achieving a basic enemy goal by destroying tosat spawner" classname="dungeonmania.mvp.Task2.EnemyGoalTest" time="0.01"/>
  <system-out><![CDATA[]]></system-out>
  <system-err><![CDATA[[Test worker] INFO org.reflections.Reflections - Reflections took 5 ms to scan 2 urls, producing 153 keys and 153 values
[Test worker] INFO org.reflections.Reflections - Reflections took 4 ms to scan 2 urls, producing 128 keys and 128 values
[Test worker] INFO org.reflections.Reflections - Reflections took 4 ms to scan 2 urls, producing 153 keys and 153 values
[Test worker] INFO org.reflections.Reflections - Reflections took 5 ms to scan 2 urls, producing 128 keys and 128 values
[Test worker] INFO org.reflections.Reflections - Reflections took 4 ms to scan 2 urls, producing 153 keys and 153 values
[Test worker] INFO org.reflections.Reflections - Reflections took 4 ms to scan 2 urls, producing 128 keys and 128 values
[Test worker] INFO org.reflections.Reflections - Reflections took 6 ms to scan 2 urls, producing 153 keys and 153 values
[Test worker] INFO org.reflections.Reflections - Reflections took 6 ms to scan 2 urls, producing 128 keys and 128 values
[Test worker] INFO org.reflections.Reflections - Reflections took 4 ms to scan 2 urls, producing 153 keys and 153 values
[Test worker] INFO org.reflections.Reflections - Reflections took 3 ms to scan 2 urls, producing 128 keys and 128 values
]]></system-err>
</testsuite>
