<?xml version="1.0" encoding="UTF-8"?>
<testsuite name="dungeonmania.mvp.Task2.SceptreTest" tests="8" skipped="0" failures="0" errors="0" timestamp="2023-08-03T06:59:52" hostname="Alexs-MacBook-Pro-2.local" time="0.103">
  <properties/>
  <testcase name="Can be crafted with (1 wood OR 2 arrows) + (1 key OR 1 treasure) + (1 sun stone)" classname="dungeonmania.mvp.Task2.SceptreTest" time="0.012"/>
  <testcase name="Check 17-4 test attacks player if not bribed" classname="dungeonmania.mvp.Task2.SceptreTest" time="0.012"/>
  <testcase name="Test mind control is temporary" classname="dungeonmania.mvp.Task2.SceptreTest" time="0.012"/>
  <testcase name="Test mind control + no distance constraint on mercenaries" classname="dungeonmania.mvp.Task2.SceptreTest" time="0.014"/>
  <testcase name="Bribe during mind controlled retained" classname="dungeonmania.mvp.Task2.SceptreTest" time="0.018"/>
  <testcase name="check that a previously bribed" classname="dungeonmania.mvp.Task2.SceptreTest" time="0.009"/>
  <testcase name="Can be crafted with (1 wood OR 2 arrows) + (1 key OR 1 treasure) + (1 sun stone)" classname="dungeonmania.mvp.Task2.SceptreTest" time="0.011"/>
  <testcase name="check multiple mercenaries mindControlled and have different times" classname="dungeonmania.mvp.Task2.SceptreTest" time="0.012"/>
  <system-out><![CDATA[]]></system-out>
  <system-err><![CDATA[[Test worker] INFO org.reflections.Reflections - Reflections took 4 ms to scan 2 urls, producing 153 keys and 153 values
[Test worker] INFO org.reflections.Reflections - Reflections took 6 ms to scan 2 urls, producing 128 keys and 128 values
[Test worker] INFO org.reflections.Reflections - Reflections took 5 ms to scan 2 urls, producing 153 keys and 153 values
[Test worker] INFO org.reflections.Reflections - Reflections took 4 ms to scan 2 urls, producing 128 keys and 128 values
[Test worker] INFO org.reflections.Reflections - Reflections took 6 ms to scan 2 urls, producing 153 keys and 153 values
[Test worker] INFO org.reflections.Reflections - Reflections took 5 ms to scan 2 urls, producing 128 keys and 128 values
[Test worker] INFO org.reflections.Reflections - Reflections took 5 ms to scan 2 urls, producing 153 keys and 153 values
[Test worker] INFO org.reflections.Reflections - Reflections took 6 ms to scan 2 urls, producing 128 keys and 128 values
[Test worker] INFO org.reflections.Reflections - Reflections took 7 ms to scan 2 urls, producing 153 keys and 153 values
[Test worker] INFO org.reflections.Reflections - Reflections took 5 ms to scan 2 urls, producing 128 keys and 128 values
[Test worker] INFO org.reflections.Reflections - Reflections took 4 ms to scan 2 urls, producing 153 keys and 153 values
[Test worker] INFO org.reflections.Reflections - Reflections took 4 ms to scan 2 urls, producing 128 keys and 128 values
[Test worker] INFO org.reflections.Reflections - Reflections took 5 ms to scan 2 urls, producing 153 keys and 153 values
[Test worker] INFO org.reflections.Reflections - Reflections took 5 ms to scan 2 urls, producing 128 keys and 128 values
[Test worker] INFO org.reflections.Reflections - Reflections took 5 ms to scan 2 urls, producing 153 keys and 153 values
[Test worker] INFO org.reflections.Reflections - Reflections took 5 ms to scan 2 urls, producing 128 keys and 128 values
]]></system-err>
</testsuite>
