<?xml version="1.0" encoding="UTF-8"?>
<testsuite name="dungeonmania.mvp.InterfaceTest$TickInterfaceTest" tests="3" skipped="0" failures="0" errors="0" timestamp="2023-08-03T06:59:53" hostname="Alexs-MacBook-Pro-2.local" time="0.028">
  <properties/>
  <testcase name="Testing tick interface method, normal operation" classname="dungeonmania.mvp.InterfaceTest$TickInterfaceTest" time="0.009"/>
  <testcase name="Testing tick with an item that is not in the player's inventory" classname="dungeonmania.mvp.InterfaceTest$TickInterfaceTest" time="0.009"/>
  <testcase name="Testing tick with an unusable item in the inventory" classname="dungeonmania.mvp.InterfaceTest$TickInterfaceTest" time="0.009"/>
  <system-out><![CDATA[]]></system-out>
  <system-err><![CDATA[[Test worker] INFO org.reflections.Reflections - Reflections took 4 ms to scan 2 urls, producing 153 keys and 153 values
[Test worker] INFO org.reflections.Reflections - Reflections took 3 ms to scan 2 urls, producing 128 keys and 128 values
[Test worker] INFO org.reflections.Reflections - Reflections took 4 ms to scan 2 urls, producing 153 keys and 153 values
[Test worker] INFO org.reflections.Reflections - Reflections took 4 ms to scan 2 urls, producing 128 keys and 128 values
[Test worker] INFO org.reflections.Reflections - Reflections took 4 ms to scan 2 urls, producing 153 keys and 153 values
[Test worker] INFO org.reflections.Reflections - Reflections took 4 ms to scan 2 urls, producing 128 keys and 128 values
]]></system-err>
</testsuite>
