<?xml version="1.0" encoding="UTF-8"?>
<testsuite name="dungeonmania.mvp.MercenaryTest" tests="9" skipped="0" failures="0" errors="0" timestamp="2023-08-03T06:59:52" hostname="Alexs-MacBook-Pro-2.local" time="0.117">
  <properties/>
  <testcase name="Test mercenaries can not move through closed doors" classname="dungeonmania.mvp.MercenaryTest" time="0.012"/>
  <testcase name="Testing a mercenary can be bribed with a certain amount" classname="dungeonmania.mvp.MercenaryTest" time="0.014"/>
  <testcase name="Test mercenary stops if they cannot move any closer to the player" classname="dungeonmania.mvp.MercenaryTest" time="0.013"/>
  <testcase name="Testing a mercenary can be bribed within a radius" classname="dungeonmania.mvp.MercenaryTest" time="0.011"/>
  <testcase name="Test mercenary moves around a wall to get to the player" classname="dungeonmania.mvp.MercenaryTest" time="0.011"/>
  <testcase name="Testing a mercenary is bribed next to the player, then follow the player" classname="dungeonmania.mvp.MercenaryTest" time="0.013"/>
  <testcase name="Test mercenary in line with Player moves towards them" classname="dungeonmania.mvp.MercenaryTest" time="0.011"/>
  <testcase name="Testing an allied mercenary finds the player, then follow the player" classname="dungeonmania.mvp.MercenaryTest" time="0.015"/>
  <testcase name="Testing an allied mercenary does not battle the player" classname="dungeonmania.mvp.MercenaryTest" time="0.014"/>
  <system-out><![CDATA[]]></system-out>
  <system-err><![CDATA[[Test worker] INFO org.reflections.Reflections - Reflections took 5 ms to scan 2 urls, producing 153 keys and 153 values
[Test worker] INFO org.reflections.Reflections - Reflections took 3 ms to scan 2 urls, producing 128 keys and 128 values
[Test worker] INFO org.reflections.Reflections - Reflections took 5 ms to scan 2 urls, producing 153 keys and 153 values
[Test worker] INFO org.reflections.Reflections - Reflections took 5 ms to scan 2 urls, producing 128 keys and 128 values
[Test worker] INFO org.reflections.Reflections - Reflections took 7 ms to scan 2 urls, producing 153 keys and 153 values
[Test worker] INFO org.reflections.Reflections - Reflections took 4 ms to scan 2 urls, producing 128 keys and 128 values
[Test worker] INFO org.reflections.Reflections - Reflections took 4 ms to scan 2 urls, producing 153 keys and 153 values
[Test worker] INFO org.reflections.Reflections - Reflections took 4 ms to scan 2 urls, producing 128 keys and 128 values
[Test worker] INFO org.reflections.Reflections - Reflections took 4 ms to scan 2 urls, producing 153 keys and 153 values
[Test worker] INFO org.reflections.Reflections - Reflections took 5 ms to scan 2 urls, producing 128 keys and 128 values
[Test worker] INFO org.reflections.Reflections - Reflections took 6 ms to scan 2 urls, producing 153 keys and 153 values
[Test worker] INFO org.reflections.Reflections - Reflections took 4 ms to scan 2 urls, producing 128 keys and 128 values
[Test worker] INFO org.reflections.Reflections - Reflections took 3 ms to scan 2 urls, producing 153 keys and 153 values
[Test worker] INFO org.reflections.Reflections - Reflections took 5 ms to scan 2 urls, producing 128 keys and 128 values
[Test worker] INFO org.reflections.Reflections - Reflections took 4 ms to scan 2 urls, producing 153 keys and 153 values
[Test worker] INFO org.reflections.Reflections - Reflections took 5 ms to scan 2 urls, producing 128 keys and 128 values
[Test worker] INFO org.reflections.Reflections - Reflections took 5 ms to scan 2 urls, producing 153 keys and 153 values
[Test worker] INFO org.reflections.Reflections - Reflections took 5 ms to scan 2 urls, producing 128 keys and 128 values
]]></system-err>
</testsuite>
