<?xml version="1.0" encoding="UTF-8"?>
<testsuite name="dungeonmania.mvp.Task2.SunStoneTest" tests="8" skipped="0" failures="0" errors="0" timestamp="2023-08-03T06:59:53" hostname="Alexs-MacBook-Pro-2.local" time="0.045">
  <properties/>
  <testcase name="Test whether build can occur with Sunstone" classname="dungeonmania.mvp.Task2.SunStoneTest" time="0.0"/>
  <testcase name="Test treasure goal can be met using SunStones" classname="dungeonmania.mvp.Task2.SunStoneTest" time="0.008"/>
  <testcase name="Test treasure goal can be met using both SunStones and treasure" classname="dungeonmania.mvp.Task2.SunStoneTest" time="0.008"/>
  <testcase name="Test whether build can occur with Sunstone in presense of other equivalents" classname="dungeonmania.mvp.Task2.SunStoneTest" time="0.0"/>
  <testcase name="Test it is consumed if it is listed as an ingredient in crafting" classname="dungeonmania.mvp.Task2.SunStoneTest" time="0.0"/>
  <testcase name="Test the sunstone cannot be used to bribe" classname="dungeonmania.mvp.Task2.SunStoneTest" time="0.009"/>
  <testcase name="Test sunstone in place of key with both key and sunstone" classname="dungeonmania.mvp.Task2.SunStoneTest" time="0.009"/>
  <testcase name="Test sunstone in place of key" classname="dungeonmania.mvp.Task2.SunStoneTest" time="0.008"/>
  <system-out><![CDATA[]]></system-out>
  <system-err><![CDATA[[Test worker] INFO org.reflections.Reflections - Reflections took 4 ms to scan 2 urls, producing 153 keys and 153 values
[Test worker] INFO org.reflections.Reflections - Reflections took 3 ms to scan 2 urls, producing 128 keys and 128 values
[Test worker] INFO org.reflections.Reflections - Reflections took 3 ms to scan 2 urls, producing 153 keys and 153 values
[Test worker] INFO org.reflections.Reflections - Reflections took 5 ms to scan 2 urls, producing 128 keys and 128 values
[Test worker] INFO org.reflections.Reflections - Reflections took 5 ms to scan 2 urls, producing 153 keys and 153 values
[Test worker] INFO org.reflections.Reflections - Reflections took 3 ms to scan 2 urls, producing 128 keys and 128 values
[Test worker] INFO org.reflections.Reflections - Reflections took 5 ms to scan 2 urls, producing 153 keys and 153 values
[Test worker] INFO org.reflections.Reflections - Reflections took 3 ms to scan 2 urls, producing 128 keys and 128 values
[Test worker] INFO org.reflections.Reflections - Reflections took 5 ms to scan 2 urls, producing 153 keys and 153 values
[Test worker] INFO org.reflections.Reflections - Reflections took 3 ms to scan 2 urls, producing 128 keys and 128 values
]]></system-err>
</testsuite>
