<?xml version="1.0" encoding="UTF-8"?>
<testsuite name="dungeonmania.mvp.ZombieTest" tests="7" skipped="0" failures="0" errors="0" timestamp="2023-08-03T06:59:52" hostname="Alexs-MacBook-Pro-2.local" time="0.137">
  <properties/>
  <testcase name="Testing that a dungeon with 2 spawners, spawns 2 zombies at a time" classname="dungeonmania.mvp.ZombieTest" time="0.018"/>
  <testcase name="Testing zombie toast spawners won't spawn zombies if there are no cardinally adjacent open squares" classname="dungeonmania.mvp.ZombieTest" time="0.016"/>
  <testcase name="Testing zombies movement" classname="dungeonmania.mvp.ZombieTest" time="0.016"/>
  <testcase name="Testing zombies cannot move through closed doors and walls" classname="dungeonmania.mvp.ZombieTest" time="0.02"/>
  <testcase name="Testing zombie toast spawners spawn zombies in cardinally adjacent open squares" classname="dungeonmania.mvp.ZombieTest" time="0.016"/>
  <testcase name="Testing zombie spawners spawn zombies every x ticks" classname="dungeonmania.mvp.ZombieTest" time="0.032"/>
  <testcase name="Testing destroying a zombie toast spawner" classname="dungeonmania.mvp.ZombieTest" time="0.017"/>
  <system-out><![CDATA[]]></system-out>
  <system-err><![CDATA[[Test worker] INFO org.reflections.Reflections - Reflections took 5 ms to scan 2 urls, producing 153 keys and 153 values
[Test worker] INFO org.reflections.Reflections - Reflections took 6 ms to scan 2 urls, producing 128 keys and 128 values
[Test worker] INFO org.reflections.Reflections - Reflections took 6 ms to scan 2 urls, producing 153 keys and 153 values
[Test worker] INFO org.reflections.Reflections - Reflections took 7 ms to scan 2 urls, producing 128 keys and 128 values
[Test worker] INFO org.reflections.Reflections - Reflections took 7 ms to scan 2 urls, producing 153 keys and 153 values
[Test worker] INFO org.reflections.Reflections - Reflections took 6 ms to scan 2 urls, producing 128 keys and 128 values
[Test worker] INFO org.reflections.Reflections - Reflections took 5 ms to scan 2 urls, producing 153 keys and 153 values
[Test worker] INFO org.reflections.Reflections - Reflections took 4 ms to scan 2 urls, producing 128 keys and 128 values
[Test worker] INFO org.reflections.Reflections - Reflections took 6 ms to scan 2 urls, producing 153 keys and 153 values
[Test worker] INFO org.reflections.Reflections - Reflections took 7 ms to scan 2 urls, producing 128 keys and 128 values
[Test worker] INFO org.reflections.Reflections - Reflections took 7 ms to scan 2 urls, producing 153 keys and 153 values
[Test worker] INFO org.reflections.Reflections - Reflections took 6 ms to scan 2 urls, producing 128 keys and 128 values
[Test worker] INFO org.reflections.Reflections - Reflections took 5 ms to scan 2 urls, producing 153 keys and 153 values
[Test worker] INFO org.reflections.Reflections - Reflections took 3 ms to scan 2 urls, producing 128 keys and 128 values
[Test worker] INFO org.reflections.Reflections - Reflections took 5 ms to scan 2 urls, producing 153 keys and 153 values
[Test worker] INFO org.reflections.Reflections - Reflections took 5 ms to scan 2 urls, producing 128 keys and 128 values
]]></system-err>
</testsuite>
