<?xml version="1.0" encoding="UTF-8"?>
<testsuite name="dungeonmania.mvp.BouldersTest" tests="3" skipped="0" failures="0" errors="0" timestamp="2023-08-03T06:59:53" hostname="Alexs-MacBook-Pro-2.local" time="0.028">
  <properties/>
  <testcase name="Test the player is unable to push two boulders" classname="dungeonmania.mvp.BouldersTest" time="0.009"/>
  <testcase name="Test pushing a boulder" classname="dungeonmania.mvp.BouldersTest" time="0.009"/>
  <testcase name="Test attempting to push a boulder into a wall" classname="dungeonmania.mvp.BouldersTest" time="0.01"/>
  <system-out><![CDATA[]]></system-out>
  <system-err><![CDATA[[Test worker] INFO org.reflections.Reflections - Reflections took 4 ms to scan 2 urls, producing 153 keys and 153 values
[Test worker] INFO org.reflections.Reflections - Reflections took 5 ms to scan 2 urls, producing 128 keys and 128 values
[Test worker] INFO org.reflections.Reflections - Reflections took 3 ms to scan 2 urls, producing 153 keys and 153 values
[Test worker] INFO org.reflections.Reflections - Reflections took 4 ms to scan 2 urls, producing 128 keys and 128 values
[Test worker] INFO org.reflections.Reflections - Reflections took 4 ms to scan 2 urls, producing 153 keys and 153 values
[Test worker] INFO org.reflections.Reflections - Reflections took 3 ms to scan 2 urls, producing 128 keys and 128 values
]]></system-err>
</testsuite>
