<?xml version="1.0" encoding="UTF-8"?>
<testsuite name="dungeonmania.mvp.MovementTest" tests="4" skipped="0" failures="0" errors="0" timestamp="2023-08-03T06:59:52" hostname="Alexs-MacBook-Pro-2.local" time="0.154">
  <properties/>
  <testcase name="Test the player can move up" classname="dungeonmania.mvp.MovementTest" time="0.102"/>
  <testcase name="Test the player can move right" classname="dungeonmania.mvp.MovementTest" time="0.02"/>
  <testcase name="Test the player can move down" classname="dungeonmania.mvp.MovementTest" time="0.015"/>
  <testcase name="Test the player can move left" classname="dungeonmania.mvp.MovementTest" time="0.015"/>
  <system-out><![CDATA[]]></system-out>
  <system-err><![CDATA[[Test worker] INFO org.reflections.Reflections - Reflections took 21 ms to scan 2 urls, producing 153 keys and 153 values
[Test worker] INFO org.reflections.Reflections - Reflections took 7 ms to scan 2 urls, producing 128 keys and 128 values
[Test worker] INFO org.reflections.Reflections - Reflections took 8 ms to scan 2 urls, producing 153 keys and 153 values
[Test worker] INFO org.reflections.Reflections - Reflections took 9 ms to scan 2 urls, producing 128 keys and 128 values
[Test worker] INFO org.reflections.Reflections - Reflections took 7 ms to scan 2 urls, producing 153 keys and 153 values
[Test worker] INFO org.reflections.Reflections - Reflections took 5 ms to scan 2 urls, producing 128 keys and 128 values
[Test worker] INFO org.reflections.Reflections - Reflections took 7 ms to scan 2 urls, producing 153 keys and 153 values
[Test worker] INFO org.reflections.Reflections - Reflections took 5 ms to scan 2 urls, producing 128 keys and 128 values
]]></system-err>
</testsuite>
