<?xml version="1.0" encoding="UTF-8"?>
<testsuite name="dungeonmania.mvp.PortalsTest" tests="6" skipped="0" failures="0" errors="0" timestamp="2023-08-03T06:59:52" hostname="Alexs-MacBook-Pro-2.local" time="0.082">
  <properties/>
  <testcase name="Test portals work both ways" classname="dungeonmania.mvp.PortalsTest" time="0.014"/>
  <testcase name="Test portal matching when there are multiple portals" classname="dungeonmania.mvp.PortalsTest" time="0.012"/>
  <testcase name="Test chain teleporting between multiple portals" classname="dungeonmania.mvp.PortalsTest" time="0.011"/>
  <testcase name="Test player cannot teleport when the exit portal is surrounded by walls" classname="dungeonmania.mvp.PortalsTest" time="0.015"/>
  <testcase name="Test portal has no effect on spiders" classname="dungeonmania.mvp.PortalsTest" time="0.013"/>
  <testcase name="Test portal has no effect on zombies" classname="dungeonmania.mvp.PortalsTest" time="0.015"/>
  <system-out><![CDATA[]]></system-out>
  <system-err><![CDATA[[Test worker] INFO org.reflections.Reflections - Reflections took 5 ms to scan 2 urls, producing 153 keys and 153 values
[Test worker] INFO org.reflections.Reflections - Reflections took 6 ms to scan 2 urls, producing 128 keys and 128 values
[Test worker] INFO org.reflections.Reflections - Reflections took 5 ms to scan 2 urls, producing 153 keys and 153 values
[Test worker] INFO org.reflections.Reflections - Reflections took 5 ms to scan 2 urls, producing 128 keys and 128 values
[Test worker] INFO org.reflections.Reflections - Reflections took 5 ms to scan 2 urls, producing 153 keys and 153 values
[Test worker] INFO org.reflections.Reflections - Reflections took 5 ms to scan 2 urls, producing 128 keys and 128 values
[Test worker] INFO org.reflections.Reflections - Reflections took 6 ms to scan 2 urls, producing 153 keys and 153 values
[Test worker] INFO org.reflections.Reflections - Reflections took 6 ms to scan 2 urls, producing 128 keys and 128 values
[Test worker] INFO org.reflections.Reflections - Reflections took 6 ms to scan 2 urls, producing 153 keys and 153 values
[Test worker] INFO org.reflections.Reflections - Reflections took 5 ms to scan 2 urls, producing 128 keys and 128 values
[Test worker] INFO org.reflections.Reflections - Reflections took 5 ms to scan 2 urls, producing 153 keys and 153 values
[Test worker] INFO org.reflections.Reflections - Reflections took 3 ms to scan 2 urls, producing 128 keys and 128 values
]]></system-err>
</testsuite>
